Using pre-set license
Built from '2022.3/staging' branch; Version is '2022.3.2f1 (d74737c6db50) revision 14108471'; Using compiler version '192829333'; Build Type 'Release'
OS: 'Windows 11  (10.0.22631) 64bit Core' Language: 'en' Physical Memory: 49025 MB
BatchMode: 1, IsHumanControllingUs: 0, StartBugReporterOnCrash: 0, Is64bit: 1, IsPro: 1

COMMAND LINE ARGUMENTS:
C:\Program Files\Unity\Hub\Editor\2022.3.2f1\Editor\Unity.exe
-adb2
-batchMode
-noUpm
-name
AssetImportWorker1
-projectPath
D:/Unity Projects/Cannonball Shooter
-logFile
Logs/AssetImportWorker1.log
-srvPort
52547
Successfully changed project path to: D:/Unity Projects/Cannonball Shooter
D:/Unity Projects/Cannonball Shooter
[UnityMemory] Configuration Parameters - Can be set up in boot.config
    "memorysetup-bucket-allocator-granularity=16"
    "memorysetup-bucket-allocator-bucket-count=8"
    "memorysetup-bucket-allocator-block-size=33554432"
    "memorysetup-bucket-allocator-block-count=8"
    "memorysetup-main-allocator-block-size=16777216"
    "memorysetup-thread-allocator-block-size=16777216"
    "memorysetup-gfx-main-allocator-block-size=16777216"
    "memorysetup-gfx-thread-allocator-block-size=16777216"
    "memorysetup-cache-allocator-block-size=4194304"
    "memorysetup-typetree-allocator-block-size=2097152"
    "memorysetup-profiler-bucket-allocator-granularity=16"
    "memorysetup-profiler-bucket-allocator-bucket-count=8"
    "memorysetup-profiler-bucket-allocator-block-size=33554432"
    "memorysetup-profiler-bucket-allocator-block-count=8"
    "memorysetup-profiler-allocator-block-size=16777216"
    "memorysetup-profiler-editor-allocator-block-size=1048576"
    "memorysetup-temp-allocator-size-main=16777216"
    "memorysetup-job-temp-allocator-block-size=2097152"
    "memorysetup-job-temp-allocator-block-size-background=1048576"
    "memorysetup-job-temp-allocator-reduction-small-platforms=262144"
    "memorysetup-allocator-temp-initial-block-size-main=262144"
    "memorysetup-allocator-temp-initial-block-size-worker=262144"
    "memorysetup-temp-allocator-size-background-worker=32768"
    "memorysetup-temp-allocator-size-job-worker=262144"
    "memorysetup-temp-allocator-size-preload-manager=33554432"
    "memorysetup-temp-allocator-size-nav-mesh-worker=65536"
    "memorysetup-temp-allocator-size-audio-worker=65536"
    "memorysetup-temp-allocator-size-cloud-worker=32768"
    "memorysetup-temp-allocator-size-gi-baking-worker=262144"
    "memorysetup-temp-allocator-size-gfx=262144"
Player connection [7616] Host "[IP] 192.168.4.36 [Port] 0 [Flags] 2 [Guid] 3199032225 [EditorId] 3199032225 [Version] 1048832 [Id] WindowsEditor(7,SimonPC) [Debug] 1 [PackageName] WindowsEditor [ProjectName] Editor" joined multi-casting on [225.0.0.222:54997]...

Player connection [7616] Host "[IP] 192.168.4.36 [Port] 0 [Flags] 2 [Guid] 3199032225 [EditorId] 3199032225 [Version] 1048832 [Id] WindowsEditor(7,SimonPC) [Debug] 1 [PackageName] WindowsEditor [ProjectName] Editor" joined alternative multi-casting on [225.0.0.222:34997]...

Refreshing native plugins compatible for Editor in 1424.47 ms, found 3 plugins.
Preloading 0 native plugins for Editor in 0.00 ms.
Initialize engine version: 2022.3.2f1 (d74737c6db50)
[Subsystems] Discovering subsystems at path C:/Program Files/Unity/Hub/Editor/2022.3.2f1/Editor/Data/Resources/UnitySubsystems
[Subsystems] Discovering subsystems at path D:/Unity Projects/Cannonball Shooter/Assets
GfxDevice: creating device client; threaded=0; jobified=0
Direct3D:
    Version:  Direct3D 11.0 [level 11.1]
    Renderer: NVIDIA GeForce RTX 3060 (ID=0x2504)
    Vendor:   NVIDIA
    VRAM:     12115 MB
    Driver:   31.0.15.5183
Initialize mono
Mono path[0] = 'C:/Program Files/Unity/Hub/Editor/2022.3.2f1/Editor/Data/Managed'
Mono path[1] = 'C:/Program Files/Unity/Hub/Editor/2022.3.2f1/Editor/Data/MonoBleedingEdge/lib/mono/unityjit-win32'
Mono config path = 'C:/Program Files/Unity/Hub/Editor/2022.3.2f1/Editor/Data/MonoBleedingEdge/etc'
Using monoOptions --debugger-agent=transport=dt_socket,embedding=1,server=y,suspend=n,address=127.0.0.1:56484
Begin MonoManager ReloadAssembly
Registering precompiled unity dll's ...
Register platform support module: C:/Program Files/Unity/Hub/Editor/2022.3.2f1/Editor/Data/PlaybackEngines/WebGLSupport/UnityEditor.WebGL.Extensions.dll
Register platform support module: C:/Program Files/Unity/Hub/Editor/2022.3.2f1/Editor/Data/PlaybackEngines/AndroidPlayer/UnityEditor.Android.Extensions.dll
Register platform support module: C:/Program Files/Unity/Hub/Editor/2022.3.2f1/Editor/Data/PlaybackEngines/iOSSupport/UnityEditor.iOS.Extensions.dll
Register platform support module: C:/Program Files/Unity/Hub/Editor/2022.3.2f1/Editor/Data/PlaybackEngines/WindowsStandaloneSupport/UnityEditor.WindowsStandalone.Extensions.dll
Registered in 0.464843 seconds.
- Loaded All Assemblies, in  7.000 seconds
Native extension for WindowsStandalone target not found
[usbmuxd] Start listen thread
[usbmuxd] Listen thread started
Native extension for iOS target not found
Native extension for Android target not found
Android Extension - Scanning For ADB Devices 354 ms
Native extension for WebGL target not found
Mono: successfully reloaded assembly
- Finished resetting the current domain, in  0.965 seconds
Domain Reload Profiling: 7963ms
	BeginReloadAssembly (4638ms)
		ExecutionOrderSort (0ms)
		DisableScriptedObjects (0ms)
		BackupInstance (0ms)
		ReleaseScriptingObjects (0ms)
		CreateAndSetChildDomain (1ms)
	RebuildCommonClasses (416ms)
	RebuildNativeTypeToScriptingClass (9ms)
	initialDomainReloadingComplete (524ms)
	LoadAllAssembliesAndSetupDomain (1411ms)
		LoadAssemblies (4637ms)
		RebuildTransferFunctionScriptingTraits (0ms)
		AnalyzeDomain (1405ms)
			TypeCache.Refresh (1404ms)
				TypeCache.ScanAssembly (1151ms)
			ScanForSourceGeneratedMonoScriptInfo (1ms)
			ResolveRequiredComponents (1ms)
	FinalizeReload (965ms)
		ReleaseScriptCaches (0ms)
		RebuildScriptCaches (0ms)
		SetupLoadedEditorAssemblies (904ms)
			LogAssemblyErrors (0ms)
			InitializePlatformSupportModulesInManaged (738ms)
			SetLoadedEditorAssemblies (4ms)
			RefreshPlugins (0ms)
			BeforeProcessingInitializeOnLoad (3ms)
			ProcessInitializeOnLoadAttributes (104ms)
			ProcessInitializeOnLoadMethodAttributes (56ms)
			AfterProcessingInitializeOnLoad (0ms)
			EditorAssembliesLoaded (0ms)
		ExecutionOrderSort2 (0ms)
		AwakeInstancesAfterBackupRestoration (0ms)
========================================================================
Worker process is ready to serve import requests
Begin MonoManager ReloadAssembly
Symbol file LoadedFromMemory doesn't match image D:\Unity Projects\Cannonball Shooter\Library\PackageCache\com.unity.visualscripting@1.8.0\Editor\VisualScripting.Core\Dependencies\YamlDotNet\Unity.VisualScripting.YamlDotNet.dll
Symbol file LoadedFromMemory doesn't match image D:\Unity Projects\Cannonball Shooter\Library\PackageCache\com.unity.visualscripting@1.8.0\Editor\VisualScripting.Core\Dependencies\DotNetZip\Unity.VisualScripting.IonicZip.dll
- Loaded All Assemblies, in  5.864 seconds
Refreshing native plugins compatible for Editor in 1.73 ms, found 3 plugins.
Native extension for WindowsStandalone target not found
Native extension for iOS target not found
Native extension for Android target not found
Native extension for WebGL target not found
Package Manager log level set to [2]
[Package Manager] Server::EnsureServerProcessIsRunning -- launch failed, reason: Unity was launched with the -noUpm command-line argument
[Package Manager] UpmClient::Send -- Unable to send message (not connected to UPM process).
[Package Manager] Cannot connect to Unity Package Manager local server
Mono: successfully reloaded assembly
- Finished resetting the current domain, in  0.691 seconds
Domain Reload Profiling: 6555ms
	BeginReloadAssembly (125ms)
		ExecutionOrderSort (0ms)
		DisableScriptedObjects (5ms)
		BackupInstance (0ms)
		ReleaseScriptingObjects (0ms)
		CreateAndSetChildDomain (27ms)
	RebuildCommonClasses (28ms)
	RebuildNativeTypeToScriptingClass (8ms)
	initialDomainReloadingComplete (39ms)
	LoadAllAssembliesAndSetupDomain (5664ms)
		LoadAssemblies (4868ms)
		RebuildTransferFunctionScriptingTraits (0ms)
		AnalyzeDomain (849ms)
			TypeCache.Refresh (824ms)
				TypeCache.ScanAssembly (757ms)
			ScanForSourceGeneratedMonoScriptInfo (20ms)
			ResolveRequiredComponents (4ms)
	FinalizeReload (692ms)
		ReleaseScriptCaches (0ms)
		RebuildScriptCaches (0ms)
		SetupLoadedEditorAssemblies (499ms)
			LogAssemblyErrors (0ms)
			InitializePlatformSupportModulesInManaged (38ms)
			SetLoadedEditorAssemblies (5ms)
			RefreshPlugins (0ms)
			BeforeProcessingInitializeOnLoad (80ms)
			ProcessInitializeOnLoadAttributes (345ms)
			ProcessInitializeOnLoadMethodAttributes (25ms)
			AfterProcessingInitializeOnLoad (5ms)
			EditorAssembliesLoaded (0ms)
		ExecutionOrderSort2 (0ms)
		AwakeInstancesAfterBackupRestoration (5ms)
Launched and connected shader compiler UnityShaderCompiler.exe after 0.06 seconds
Refreshing native plugins compatible for Editor in 2.28 ms, found 3 plugins.
Preloading 0 native plugins for Editor in 0.00 ms.
Unloading 3109 Unused Serialized files (Serialized files now loaded: 0)
Unloading 31 unused Assets / (56.4 KB). Loaded Objects now: 3591.
Memory consumption went from 198.7 MB to 198.6 MB.
Total: 4.662800 ms (FindLiveObjects: 0.294700 ms CreateObjectMapping: 0.208800 ms MarkObjects: 4.054300 ms  DeleteObjects: 0.104200 ms)

AssetImportParameters requested are different than current active one (requested -> active):
  custom:container-demuxer-ogg: 62fdf1f143b41e24485cea50d1cbac27 -> 
  custom:video-decoder-ogg-theora: a1e56fd34408186e4bbccfd4996cb3dc -> 
  custom:framework-win-MediaFoundation: 216162199b28c13a410421893ffa2e32 -> 
  custom:container-demuxer-webm: 4f35f7cbe854078d1ac9338744f61a02 -> 
  custom:container-muxer-webm: aa71ff27fc2769a1b78a27578f13a17b -> 
  custom:video-decoder-webm-vp8: 9c59270c3fd7afecdb556c50c9e8de78 -> 
  custom:AudioImporter_EditorPlatform: d09bf68614088b80899f8185d706f6e7 -> 
  custom:video-encoder-webm-vp8: eb34c28f22e8b96e1ab97ce403110664 -> 
  custom:audio-decoder-ogg-vorbis: bf7c407c2cedff20999df2af8eb42d56 -> 
  custom:audio-encoder-webm-vorbis: bf7c407c2cedff20999df2af8eb42d56 -> 
========================================================================
Received Import Request.
  Time since last request: 519311.302924 seconds.
  path: Assets/Low Poly Christmas Pack Free/Prefabs/013 Hand_gloves.prefab
  artifactKey: Guid(265223284db4f4d4cad7aef3f518a5b8) Importer(815301076,1909f56bfc062723c751e8b465ee728b)
Start importing Assets/Low Poly Christmas Pack Free/Prefabs/013 Hand_gloves.prefab using Guid(265223284db4f4d4cad7aef3f518a5b8) Importer(815301076,1909f56bfc062723c751e8b465ee728b)  -> (artifact id: '4e82a237ebf3f2bdbe3b4bbcefb43248') in 0.073502 seconds
Number of updated asset objects reloaded before import = 0
Number of asset objects unloaded after import = 46
========================================================================
Received Import Request.
  Time since last request: 0.000036 seconds.
  path: Assets/Low Poly Christmas Pack Free/Prefabs/040 Xmas_Bell.prefab
  artifactKey: Guid(b9091ff9a8e9b438a90aa19babb1aa71) Importer(815301076,1909f56bfc062723c751e8b465ee728b)
Start importing Assets/Low Poly Christmas Pack Free/Prefabs/040 Xmas_Bell.prefab using Guid(b9091ff9a8e9b438a90aa19babb1aa71) Importer(815301076,1909f56bfc062723c751e8b465ee728b)  -> (artifact id: '3fd319d84ff2a98e5ae04516e1eb29eb') in 0.013888 seconds
Number of updated asset objects reloaded before import = 0
Number of asset objects unloaded after import = 43
========================================================================
Received Import Request.
  Time since last request: 0.000017 seconds.
  path: Assets/Low Poly Christmas Pack Free/Prefabs/056 Star.prefab
  artifactKey: Guid(9296de9be092543cea0572f6ca5660ae) Importer(815301076,1909f56bfc062723c751e8b465ee728b)
Start importing Assets/Low Poly Christmas Pack Free/Prefabs/056 Star.prefab using Guid(9296de9be092543cea0572f6ca5660ae) Importer(815301076,1909f56bfc062723c751e8b465ee728b)  -> (artifact id: '4b9def2d18bc8768e53bee5abb1d5e3b') in 0.013664 seconds
Number of updated asset objects reloaded before import = 0
Number of asset objects unloaded after import = 23
========================================================================
Received Import Request.
  Time since last request: 0.000021 seconds.
  path: Assets/Low Poly Christmas Pack Free/Prefabs/014 Gift_Box.prefab
  artifactKey: Guid(daa5efe5de0c842f592546f440921e4c) Importer(815301076,1909f56bfc062723c751e8b465ee728b)
Start importing Assets/Low Poly Christmas Pack Free/Prefabs/014 Gift_Box.prefab using Guid(daa5efe5de0c842f592546f440921e4c) Importer(815301076,1909f56bfc062723c751e8b465ee728b)  -> (artifact id: 'ef319e7820d0d8383faacdff6ed6ff01') in 0.012053 seconds
Number of updated asset objects reloaded before import = 0
Number of asset objects unloaded after import = 60
========================================================================
Received Import Request.
  Time since last request: 0.000021 seconds.
  path: Assets/Low Poly Christmas Pack Free/Prefabs/024 Shoes.prefab
  artifactKey: Guid(f93c24acb997748589b57cf0e7f2efcb) Importer(815301076,1909f56bfc062723c751e8b465ee728b)
Start importing Assets/Low Poly Christmas Pack Free/Prefabs/024 Shoes.prefab using Guid(f93c24acb997748589b57cf0e7f2efcb) Importer(815301076,1909f56bfc062723c751e8b465ee728b)  -> (artifact id: '5871664bbe1ec4e5c89ec5db76059d2c') in 0.011785 seconds
Number of updated asset objects reloaded before import = 0
Number of asset objects unloaded after import = 69
========================================================================
Received Import Request.
  Time since last request: 0.000019 seconds.
  path: Assets/Low Poly Christmas Pack Free/Prefabs/012 009 Santa_gift_bag.prefab
  artifactKey: Guid(09c0d16b15be9476d8fa22a648e87713) Importer(815301076,1909f56bfc062723c751e8b465ee728b)
Start importing Assets/Low Poly Christmas Pack Free/Prefabs/012 009 Santa_gift_bag.prefab using Guid(09c0d16b15be9476d8fa22a648e87713) Importer(815301076,1909f56bfc062723c751e8b465ee728b)  -> (artifact id: 'b827a5306c81af2c8d0724176cde9705') in 0.012969 seconds
Number of updated asset objects reloaded before import = 0
Number of asset objects unloaded after import = 21
========================================================================
Received Import Request.
  Time since last request: 0.000017 seconds.
  path: Assets/Low Poly Christmas Pack Free/Prefabs/002 Candle_Light.prefab
  artifactKey: Guid(9ecd798c870a84857b731d4f198c7d9d) Importer(815301076,1909f56bfc062723c751e8b465ee728b)
Start importing Assets/Low Poly Christmas Pack Free/Prefabs/002 Candle_Light.prefab using Guid(9ecd798c870a84857b731d4f198c7d9d) Importer(815301076,1909f56bfc062723c751e8b465ee728b)  -> (artifact id: '14a0304869e062ca7097fddf9d39d112') in 0.011115 seconds
Number of updated asset objects reloaded before import = 0
Number of asset objects unloaded after import = 36
========================================================================
Received Import Request.
  Time since last request: 0.000016 seconds.
  path: Assets/Low Poly Christmas Pack Free/Prefabs/011 Gift_Box.prefab
  artifactKey: Guid(052a289b1639e411badc15e1262f8875) Importer(815301076,1909f56bfc062723c751e8b465ee728b)
Start importing Assets/Low Poly Christmas Pack Free/Prefabs/011 Gift_Box.prefab using Guid(052a289b1639e411badc15e1262f8875) Importer(815301076,1909f56bfc062723c751e8b465ee728b)  -> (artifact id: '1f23bee4d049c87bb0e8330cd281d431') in 0.034658 seconds
Number of updated asset objects reloaded before import = 0
Number of asset objects unloaded after import = 36
========================================================================
Received Import Request.
  Time since last request: 0.000019 seconds.
  path: Assets/Low Poly Christmas Pack Free/Prefabs/016 Xmas_Tree.prefab
  artifactKey: Guid(4df67fc3a41d5493480442e909160e0c) Importer(815301076,1909f56bfc062723c751e8b465ee728b)
Start importing Assets/Low Poly Christmas Pack Free/Prefabs/016 Xmas_Tree.prefab using Guid(4df67fc3a41d5493480442e909160e0c) Importer(815301076,1909f56bfc062723c751e8b465ee728b)  -> (artifact id: 'ac64adbc9faf6127f639b5a60f405ce9') in 0.021885 seconds
Number of updated asset objects reloaded before import = 0
Number of asset objects unloaded after import = 172
========================================================================
Received Import Request.
  Time since last request: 0.000025 seconds.
  path: Assets/Low Poly Christmas Pack Free/Prefabs/025 Shoes.prefab
  artifactKey: Guid(ebd922f5daf9b444fb46a9886dad7534) Importer(815301076,1909f56bfc062723c751e8b465ee728b)
Start importing Assets/Low Poly Christmas Pack Free/Prefabs/025 Shoes.prefab using Guid(ebd922f5daf9b444fb46a9886dad7534) Importer(815301076,1909f56bfc062723c751e8b465ee728b)  -> (artifact id: '3e2cc84befaaf62af2e1b457cbcaa6ba') in 0.016162 seconds
Number of updated asset objects reloaded before import = 0
Number of asset objects unloaded after import = 42
========================================================================
Received Import Request.
  Time since last request: 0.000023 seconds.
  path: Assets/Low Poly Christmas Pack Free/Prefabs/057 Star.prefab
  artifactKey: Guid(cac50e13595b645179126ac1462506b7) Importer(815301076,1909f56bfc062723c751e8b465ee728b)
Start importing Assets/Low Poly Christmas Pack Free/Prefabs/057 Star.prefab using Guid(cac50e13595b645179126ac1462506b7) Importer(815301076,1909f56bfc062723c751e8b465ee728b)  -> (artifact id: 'fb85d5a13edcebd6067713af87aad75e') in 0.024012 seconds
Number of updated asset objects reloaded before import = 0
Number of asset objects unloaded after import = 27
========================================================================
Received Import Request.
  Time since last request: 0.000020 seconds.
  path: Assets/Low Poly Christmas Pack Free/Prefabs/017 Santa_claus.prefab
  artifactKey: Guid(9b4ecdcf9d3c94d10a3f3f3b8a1e4e44) Importer(815301076,1909f56bfc062723c751e8b465ee728b)
Start importing Assets/Low Poly Christmas Pack Free/Prefabs/017 Santa_claus.prefab using Guid(9b4ecdcf9d3c94d10a3f3f3b8a1e4e44) Importer(815301076,1909f56bfc062723c751e8b465ee728b)  -> (artifact id: 'b3275f393210363a6b6693f49106f1d0') in 0.012696 seconds
Number of updated asset objects reloaded before import = 0
Number of asset objects unloaded after import = 94
Editor requested this worker to shutdown with reason: Scaling down because of idle timeout
TcpMessagingSession - receive error: operation aborted. errorcode: 995, details: The I/O operation has been aborted because of either a thread exit or an application request.
AssetImportWorker is now disconnected from the server
Process exiting
Exiting without the bug reporter. Application will terminate with return code 0